make all --print-data-base --no-builtin-variables --no-builtin-rules --question
# GNU Make 3.81
# Copyright (C) 2006  Free Software Foundation, Inc.
# This is free software; see the source for copying conditions.
# There is NO warranty; not even for MERCHANTABILITY or FITNESS FOR A
# PARTICULAR PURPOSE.

# This program built for i386-apple-darwin11.3.0
 

# Make data base, printed on Thu Jun  9 18:13:58 2022

# Variables

# automatic
<D = $(patsubst %/,%,$(dir $<))
# automatic
?F = $(notdir $?)
# makefile (from `Makefile', line 8)
OBJ = main.o subs.o encrypt.o decrypt.o errmsg.o rdbuf.o wrbuf.o
# environment
VSCODE_LOG_NATIVE = false
# automatic
?D = $(patsubst %/,%,$(dir $?))
# automatic
@D = $(patsubst %/,%,$(dir $@))
# automatic
@F = $(notdir $@)
# makefile
CURDIR := /Users/aammya/PA5
# makefile
SHELL = /bin/sh
# environment
VSCODE_NLS_CONFIG = {"locale":"en-us","availableLanguages":{},"_languagePackSupport":true}
# environment
_ = /usr/bin/make
# makefile (from `Makefile', line 24)
CFLAGS = -I. $(DEBUG) $(WARN) $(CSTD) $(CDEFS)
# makefile (from `Makefile', line 23)
CDEFS = 
# makefile (from `Makefile', line 1)
MAKEFILE_LIST :=  Makefile
# makefile (from `Makefile', line 20)
DEBUG = -ggdb
# makefile (from `Makefile', line 32)
DFLAGS = -d
# environment
VSCODE_VERBOSE_LOGGING = true
# environment
__CFBundleIdentifier = com.microsoft.VSCode
# environment
INFOPATH = /opt/homebrew/share/info:
# makefile (from `Makefile', line 21)
CSTD = 
# environment
VSCODE_IPC_HOOK_EXTHOST = /var/folders/cb/v739jbq950s0mm016bj8s9qc0000gn/T/vscode-ipc-db92643f-3cd2-4f8d-a2b8-6372162323c4.sock
# environment
VSCODE_CWD = /
# environment
ANDROID_SDK = /Users/aammya/Library/Android/sdk
# environment
PATH = /opt/homebrew/bin:/opt/homebrew/sbin:/Library/Frameworks/Python.framework/Versions/3.9/bin:/usr/local/bin:/usr/bin:/bin:/usr/sbin:/sbin:/Library/Apple/usr/bin:/Users/aammya/Library/Android/sdk/platform-tools
# makefile (from `Makefile', line 2)
PROG = encrypter
# makefile (from `Makefile', line 31)
DUMP = objdump
# makefile (from `Makefile', line 16)
LIBFLAGS = -L ./ $(LIB)
# makefile (from `Makefile', line 3)
CPROG = Cencrypter
# environment
LaunchInstanceID = C87B1E86-5456-4372-8901-CB582E10B988
# environment
VSCODE_LOG_STACK = false
# environment
ELECTRON_RUN_AS_NODE = 1
# makefile (from `Makefile', line 15)
LIB = libpa5.a
# default
.FEATURES := target-specific order-only second-expansion else-if archives jobserver check-symlink
# environment
SSH_AUTH_SOCK = /private/tmp/com.apple.launchd.bXgHoZUpn0/Listeners
# automatic
%F = $(notdir $%)
# makefile (from `Makefile', line 9)
COBJ = Cmain.o subs.o Cerrmsg.o Crdbuf.o Cwrbuf.o encrypt.o decrypt.o
# environment
VSCODE_PIPE_LOGGING = true
# environment
PWD = /Users/aammya/PA5
# environment
HOMEBREW_CELLAR = /opt/homebrew/Cellar
# environment
ORIGINAL_XDG_CURRENT_DESKTOP = undefined
# makefile (from `Makefile', line 27)
ASLIST = -Wa,-adhln
# makefile (from `Makefile', line 7)
HEAD = encrypter.h
# environment
MANPATH = /opt/homebrew/share/man::
# environment
VSCODE_AMD_ENTRYPOINT = vs/workbench/api/node/extensionHostProcess
# environment
HOME = /Users/aammya
# default
MAKEFILEPATH = $(shell /usr/bin/xcode-select -print-path 2>/dev/null || echo /Developer)/Makefiles
# environment
VSCODE_CODE_CACHE_PATH = /Users/aammya/Library/Application Support/Code/CachedData/c3511e6c69bb39013c4a4b7b9566ec1ca73fc4d5
# makefile (from `Makefile', line 22)
WARN = -Wall -Wextra -Werror
# environment
LOGNAME = aammya
# environment
APPLICATION_INSIGHTS_NO_DIAGNOSTIC_CHANNEL = 1
# environment
VSCODE_HANDLES_UNCAUGHT_ERRORS = true
# automatic
^D = $(patsubst %/,%,$(dir $^))
# environment
XPC_FLAGS = 0x0
# default
MAKE = $(MAKE_COMMAND)
# default
MAKECMDGOALS := all
# environment
SHLVL = 1
# makefile (from `Makefile', line 19)
CC = gcc
# makefile (from `Makefile', line 28)
ASFLAGS = 
 
# default
MAKE_VERSION := 3.81
# environment
USER = aammya
# makefile
.DEFAULT_GOAL := all
# automatic
%D = $(patsubst %/,%,$(dir $%))
# default
MAKE_COMMAND := /Library/Developer/CommandLineTools/usr/bin/make
# makefile (from `Makefile', line 12)
TDIR = ./tests
# default
.VARIABLES := 
# environment
TMPDIR = /var/folders/cb/v739jbq950s0mm016bj8s9qc0000gn/T/
# automatic
*F = $(notdir $*)
# environment
VSCODE_IPC_HOOK = /Users/aammya/Library/Application Support/Code/1.67.2-main.sock
# makefile
MAKEFLAGS = Rrqp
# environment
MFLAGS = -Rrqp
# automatic
*D = $(patsubst %/,%,$(dir $*))
# environment
XPC_SERVICE_NAME = application.com.microsoft.VSCode.18869212.18869218
# environment
HOMEBREW_PREFIX = /opt/homebrew
# automatic
+D = $(patsubst %/,%,$(dir $+))
# automatic
+F = $(notdir $+)
# environment
HOMEBREW_REPOSITORY = /opt/homebrew
# environment
__CF_USER_TEXT_ENCODING = 0x1F5:0x0:0x0
# environment
COMMAND_MODE = unix2003
# default
MAKEFILES := 
# automatic
<F = $(notdir $<)
# environment
LC_ALL = C
# environment
SECURITYSESSIONID = 186b2
# automatic
^F = $(notdir $^)
# default
SUFFIXES := 
# default
.INCLUDE_DIRS = /usr/local/include
# environment
MAKELEVEL := 0
# environment
LANG = C
# environment
VSCODE_PID = 558
# variable set hash-table stats:
# Load=88/1024=9%, Rehash=0, Collisions=6/131=5%

# Pattern-specific Variable Values

# No pattern-specific variable values.

# Directories

# . (device 16777232, inode 20857411): 27 files, no impossibilities.

# 27 files, no impossibilities in 1 directories.

# Implicit Rules

%.o: %.S
#  commands to execute (from `Makefile', line 38):
	$(CC) $(CFLAGS) $(ASFLAGS)  -c -o $@ $<
	

# 1 implicit rules, 0 (0.0%) terminal.

# Files

A: encrypter
#  Implicit rule search has not been done.
#  Modification time never checked.
#  File has not been updated.

C: Cencrypter
#  Implicit rule search has not been done.
#  Modification time never checked.
#  File has not been updated.

all: encrypter
#  Command-line target.
#  Implicit rule search has been done.
#  File does not exist.
#  File has been updated.
#  Needs to be updated (-q is set).
# variable set hash-table stats:
# Load=0/32=0%, Rehash=0, Collisions=0/9=0%

.PHONY: clean clobber
#  Implicit rule search has not been done.
#  Modification time never checked.
#  File has not been updated.

# Not a target:
main.S:
#  Implicit rule search has been done.
#  Last modified 2022-06-07 22:08:38
#  File has been updated.
#  Successfully updated.
# variable set hash-table stats:
# Load=0/32=0%, Rehash=0, Collisions=0/0=0%

errmsg.o: encrypter.h
#  Implicit rule search has not been done.
#  Modification time never checked.
#  File has not been updated.

encrypt.o: encrypter.h
#  Implicit rule search has not been done.
#  Modification time never checked.
#  File has not been updated.

encrypter: main.o subs.o encrypt.o decrypt.o errmsg.o rdbuf.o wrbuf.o
#  Implicit rule search has not been done.
#  Last modified 2022-06-07 21:59:52
#  File has been updated.
#  Needs to be updated (-q is set).
# variable set hash-table stats:
# Load=0/32=0%, Rehash=0, Collisions=0/9=0%
#  commands to execute (from `Makefile', line 43):
	$(CC) $(CFLAGS) $(OBJ) $(LIB) -o $@
	

# Not a target:
.SUFFIXES:
#  Implicit rule search has not been done.
#  Modification time never checked.
#  File has not been updated.

# Not a target:
Cerrmsg.o:
#  Implicit rule search has not been done.
#  Modification time never checked.
#  File has not been updated.

decrypt.o: encrypter.h
#  Implicit rule search has not been done.
#  Modification time never checked.
#  File has not been updated.

# Not a target:
Makefile:
#  Implicit rule search has been done.
#  Last modified 2022-06-07 21:59:48
#  File has been updated.
#  Successfully updated.
# variable set hash-table stats:
# Load=0/32=0%, Rehash=0, Collisions=0/0=0%

test: Atest
#  Implicit rule search has not been done.
#  Modification time never checked.
#  File has not been updated.

Cencrypter: Cmain.o subs.o Cerrmsg.o Crdbuf.o Cwrbuf.o encrypt.o decrypt.o
#  Implicit rule search has not been done.
#  Modification time never checked.
#  File has not been updated.
#  commands to execute (from `Makefile', line 48):
	$(CC) $(CFLAGS) $(COBJ) $(LIB) -o $@
	

Atest: encrypter
#  Implicit rule search has not been done.
#  Modification time never checked.
#  File has not been updated.
#  commands to execute (from `Makefile', line 53):
	(cd $(TDIR); make $@)
	

dump: encrypter
#  Implicit rule search has not been done.
#  Modification time never checked.
#  File has not been updated.
#  commands to execute (from `Makefile', line 60):
	$(DUMP) $(DFLAGS) $^
	

Ctest: encrypter
#  Implicit rule search has not been done.
#  Modification time never checked.
#  File has not been updated.
#  commands to execute (from `Makefile', line 56):
	(cd $(TDIR); make $@)
	

clobber: clean
#  Phony target (prerequisite of .PHONY).
#  Implicit rule search has not been done.
#  File does not exist.
#  File has not been updated.
#  commands to execute (from `Makefile', line 70):
	rm -f core
	

wrbuf.o: encrypter.h
#  Implicit rule search has not been done.
#  Modification time never checked.
#  File has not been updated.

# Not a target:
.DEFAULT:
#  Implicit rule search has not been done.
#  Modification time never checked.
#  File has not been updated.

# Not a target:
Cmain.o:
#  Implicit rule search has not been done.
#  Modification time never checked.
#  File has not been updated.

rdbuf.o: encrypter.h
#  Implicit rule search has not been done.
#  Modification time never checked.
#  File has not been updated.

clean:
#  Phony target (prerequisite of .PHONY).
#  Implicit rule search has not been done.
#  File does not exist.
#  File has not been updated.
#  commands to execute (from `Makefile', line 65):
	rm -f $(OBJ) $(COBJ) $(PROG)
	(cd $(TDIR); make $@)
	

# Not a target:
encrypter.h:
#  Implicit rule search has been done.
#  Last modified 2022-06-07 21:59:48
#  File has been updated.
#  Successfully updated.
# variable set hash-table stats:
# Load=0/32=0%, Rehash=0, Collisions=0/0=0%

# Not a target:
Cwrbuf.o:
#  Implicit rule search has not been done.
#  Modification time never checked.
#  File has not been updated.

main.o: main.S encrypter.h
#  Implicit rule search has been done.
#  Implicit/static pattern stem: `main'
#  Last modified 2022-06-07 21:59:51
#  File has been updated.
#  Needs to be updated (-q is set).
# automatic
# @ := main.o
# automatic
# % := 
# automatic
# * := main
# automatic
# + := main.S encrypter.h
# automatic
# | := 
# automatic
# < := main.S
# automatic
# ^ := main.S encrypter.h
# automatic
# ? := main.S
# variable set hash-table stats:
# Load=8/32=25%, Rehash=0, Collisions=3/19=16%
#  commands to execute (from `Makefile', line 38):
	$(CC) $(CFLAGS) $(ASFLAGS)  -c -o $@ $<
	

# Not a target:
Crdbuf.o:
#  Implicit rule search has not been done.
#  Modification time never checked.
#  File has not been updated.

subs.o: encrypter.h
#  Implicit rule search has not been done.
#  Modification time never checked.
#  File has not been updated.

# files hash-table stats:
# Load=28/1024=3%, Rehash=0, Collisions=3/75=4%
# VPATH Search Paths

# No `vpath' search paths.

# No general (`VPATH' variable) search path.

# # of strings in strcache: 1
# # of strcache buffers: 1
# strcache size: total = 4096 / max = 4096 / min = 4096 / avg = 4096
# strcache free: total = 4087 / max = 4087 / min = 4087 / avg = 4087

# Finished Make data base on Thu Jun  9 18:13:58 2022

 
